#
# There is insufficient memory for the Java Runtime Environment to continue.
# Native memory allocation (malloc) failed to allocate 1048576 bytes for AllocateHeap
# Possible reasons:
#   The system is out of physical RAM or swap space
#   In 32 bit mode, the process size limit was hit
# Possible solutions:
#   Reduce memory load on the system
#   Increase physical memory or swap space
#   Check if swap backing store is full
#   Use 64 bit Java on a 64 bit OS
#   Decrease Java heap size (-Xmx/-Xms)
#   Decrease number of Java threads
#   Decrease Java thread stack sizes (-Xss)
#   Set larger code cache with -XX:ReservedCodeCacheSize=
# This output file may be truncated or incomplete.
#
#  Out of Memory Error (memory/allocation.inline.hpp:61), pid=3784, tid=7580
#
# JRE version:  (8.0_73-b02) (build )
# Java VM: Java HotSpot(TM) 64-Bit Server VM (25.73-b02 mixed mode windows-amd64 compressed oops)
# Failed to write core dump. Minidumps are not enabled by default on client versions of Windows
#

---------------  T H R E A D  ---------------

Current thread (0x00000000021ce800):  JavaThread "Unknown thread" [_thread_in_vm, id=7580, stack(0x00000000023d0000,0x00000000024d0000)]

Stack: [0x00000000023d0000,0x00000000024d0000]
[error occurred during error reporting (printing stack bounds), id 0xc0000005]

Native frames: (J=compiled Java code, j=interpreted, Vv=VM code, C=native code)


---------------  P R O C E S S  ---------------

Java Threads: ( => current thread )

Other Threads:

=>0x00000000021ce800 (exited) JavaThread "Unknown thread" [_thread_in_vm, id=7580, stack(0x00000000023d0000,0x00000000024d0000)]

VM state:not at safepoint (normal execution)

VM Mutex/Monitor currently owned by a thread: None

Heap:
 PSYoungGen      total 37888K, used 655K [0x00000000eab00000, 0x00000000ed500000, 0x0000000100000000)
  eden space 32768K, 2% used [0x00000000eab00000,0x00000000eaba3d80,0x00000000ecb00000)
  from space 5120K, 0% used [0x00000000ed000000,0x00000000ed000000,0x00000000ed500000)
  to   space 5120K, 0% used [0x00000000ecb00000,0x00000000ecb00000,0x00000000ed000000)
 ParOldGen       total 86016K, used 0K [0x00000000c0000000, 0x00000000c5400000, 0x00000000eab00000)
  object space 86016K, 0% used [0x00000000c0000000,0x00000000c0000000,0x00000000c5400000)
 Metaspace       used 769K, capacity 4480K, committed 4480K, reserved 1056768K
  class space    used 75K, capacity 384K, committed 384K, reserved 1048576K

Card table byte_map: [0x0000000002890000,0x0000000002aa0000] byte_map_base: 0x0000000002290000

Marking Bits: (ParMarkBitMap*) 0x0000000057bd0600
 Begin Bits: [0x0000000003030000, 0x0000000004030000)
 End Bits:   [0x0000000004030000, 0x0000000005030000)

Polling page: 0x0000000001b50000

CodeCache: size=245760Kb used=328Kb max_used=328Kb free=245431Kb
 bounds [0x000000000f010000, 0x000000000f280000, 0x000000001e010000]
 total_blobs=57 nmethods=0 adapters=37
 compilation: enabled

Compilation events (0 events):
No events

GC Heap History (0 events):
No events

Deoptimization events (0 events):
No events

Internal exceptions (0 events):
No events

Events (10 events):
Event: 0.835 loading class java/lang/Short
Event: 0.835 loading class java/lang/Short done
Event: 0.835 loading class java/lang/Integer
Event: 0.835 loading class java/lang/Integer done
Event: 0.835 loading class java/lang/Long
Event: 0.835 loading class java/lang/Long done
Event: 0.836 loading class java/lang/NullPointerException
Event: 0.836 loading class java/lang/NullPointerException done
Event: 0.836 loading class java/lang/ArithmeticException
Event: 0.836 loading class java/lang/ArithmeticException done


Dynamic libraries:
0x000000013f130000 - 0x000000013f167000 	D:\java\jdk1.8\bin\java.exe
0x0000000077140000 - 0x00000000772e9000 	C:\Windows\SYSTEM32\ntdll.dll
0x0000000076f20000 - 0x000000007703f000 	C:\Windows\system32\kernel32.dll
0x000007fefcfe0000 - 0x000007fefd04c000 	C:\Windows\system32\KERNELBASE.dll
0x000007fefee30000 - 0x000007fefef0b000 	C:\Windows\system32\ADVAPI32.dll
0x000007fefe6b0000 - 0x000007fefe74f000 	C:\Windows\system32\msvcrt.dll
0x000007fefd620000 - 0x000007fefd63f000 	C:\Windows\SYSTEM32\sechost.dll
0x000007feff310000 - 0x000007feff43d000 	C:\Windows\system32\RPCRT4.dll
0x0000000077040000 - 0x000000007713a000 	C:\Windows\system32\USER32.dll
0x000007fefed40000 - 0x000007fefeda7000 	C:\Windows\system32\GDI32.dll
0x000007fefec90000 - 0x000007fefec9e000 	C:\Windows\system32\LPK.dll
0x000007fefe750000 - 0x000007fefe819000 	C:\Windows\system32\USP10.dll
0x000007fefb8e0000 - 0x000007fefbad4000 	C:\Windows\WinSxS\amd64_microsoft.windows.common-controls_6595b64144ccf1df_6.0.7601.18837_none_fa3b1e3d17594757\COMCTL32.dll
0x000007fefedb0000 - 0x000007fefee21000 	C:\Windows\system32\SHLWAPI.dll
0x000007fefd7d0000 - 0x000007fefd7fe000 	C:\Windows\system32\IMM32.DLL
0x000007fefd510000 - 0x000007fefd619000 	C:\Windows\system32\MSCTF.dll
0x000007fefce20000 - 0x000007fefce51000 	C:\Windows\system32\nvinitx.dll
0x000000000f000000 - 0x000000000f006000 	C:\Program Files\NVIDIA Corporation\CoProcManager\_etoured.dll
0x000007fef7780000 - 0x000007fef77df000 	C:\Program Files\NVIDIA Corporation\CoProcManager\nvd3d9wrapx.dll
0x000007fefd2b0000 - 0x000007fefd487000 	C:\Windows\system32\SETUPAPI.dll
0x000007fefcfa0000 - 0x000007fefcfd6000 	C:\Windows\system32\CFGMGR32.dll
0x000007fefef10000 - 0x000007fefefe7000 	C:\Windows\system32\OLEAUT32.dll
0x000007fefea80000 - 0x000007fefec83000 	C:\Windows\system32\ole32.dll
0x000007fefcf50000 - 0x000007fefcf6a000 	C:\Windows\system32\DEVOBJ.dll
0x000007fef7730000 - 0x000007fef7776000 	C:\Program Files\NVIDIA Corporation\CoProcManager\nvdxgiwrapx.dll
0x0000000063a90000 - 0x0000000063b62000 	D:\java\jdk1.8\jre\bin\msvcr100.dll
0x00000000573c0000 - 0x0000000057c50000 	D:\java\jdk1.8\jre\bin\server\jvm.dll
0x000007fefbde0000 - 0x000007fefbde9000 	C:\Windows\system32\WSOCK32.dll
0x000007fefeff0000 - 0x000007feff03d000 	C:\Windows\system32\WS2_32.dll
0x000007feff440000 - 0x000007feff448000 	C:\Windows\system32\NSI.dll
0x000007fefaad0000 - 0x000007fefab0b000 	C:\Windows\system32\WINMM.dll
0x000007fefbfa0000 - 0x000007fefbfac000 	C:\Windows\system32\VERSION.dll
0x0000000077300000 - 0x0000000077307000 	C:\Windows\system32\PSAPI.DLL
0x0000000063a80000 - 0x0000000063a8f000 	D:\java\jdk1.8\jre\bin\verify.dll
0x0000000063a50000 - 0x0000000063a79000 	D:\java\jdk1.8\jre\bin\java.dll
0x0000000063a30000 - 0x0000000063a46000 	D:\java\jdk1.8\jre\bin\zip.dll

VM Arguments:
jvm_args: -Djava.awt.headless=true -Xmx1024M -Dfile.encoding=GBK -Duser.country=CN -Duser.language=zh -Duser.variant 
java_command: com.android.dx.command.Main --dex --force-jumbo --num-threads=4 --multi-dex --output E:\AS_Application_Workspace\smartpiano\app\build\intermediates\transforms\dex\debug\folders\1000\10\butterknife-7.0.1_fc861cbde294a7e4a9efd57936d766cb077b60e2 C:\Users\Administrator\.gradle\caches\modules-2\files-2.1\com.jakewharton\butterknife\7.0.1\d5d13ea991eab0252e3710e5df3d6a9d4b21d461\butterknife-7.0.1.jar
java_class_path (initial): D:\AndroidPreferences\android-sdk-windows\build-tools\23.0.3\lib\dx.jar
Launcher Type: SUN_STANDARD

Environment Variables:
JAVA_HOME=D:\java\jdk1.7.0_60
CLASSPATH=.;D:\java\jdk1.7.0_60\lib;D:\java\jdk1.7.0_60\lib\dt.jar;D:\java\jdk1.7.0_60\lib\tools.jar
PATH=C:\ProgramData\Oracle\Java\javapath;D:\java\jdk1.7.0_60\bin;D:\java\jdk1.7.0_60\jre\bin;C:\Program Files (x86)\NVIDIA Corporation\PhysX\Common;D:\java\apache----tomcat-7.0.5\bin;D:\oracle\product\10.2.0\db_1\bin;D:\Oracle\product\11.2.0\dbhome_1\bin;C:\Program Files (x86)\Intel\iCLS Client\;C:\Program Files\Intel\iCLS Client\;C:\Windows\system32;C:\Windows;C:\Windows\System32\Wbem;C:\Windows\System32\WindowsPowerShell\v1.0\;C:\Program Files (x86)\Windows7Master;C:\Program Files (x86)\Microsoft SQL Server\80\Tools\Binn\;D:\Microsoft SQL Server\90\Tools\binn\;C:\Program Files (x86)\Microsoft SQL Server\90\Tools\binn\;D:\AndroidPreferences\android- sdk-windows\tools;C:\Program Files (x86)\Common Files\Ulead Systems\MPEG;D:\AndroidPreferences\android-sdk-windows\platform-tools;D:\AndroidPreferences\Git\TortoiseGit\bin;D:\QuickStart;D:\OpenVPN\bin;D:\Git\cmd;E:\ALL stack\Android\apktool;
USERNAME=Administrator
OS=Windows_NT
PROCESSOR_IDENTIFIER=Intel64 Family 6 Model 42 Stepping 7, GenuineIntel



---------------  S Y S T E M  ---------------

OS: Windows 7 , 64 bit Build 7601 (6.1.7601.18933)

CPU:total 2 (2 cores per cpu, 2 threads per core) family 6 model 42 stepping 7, cmov, cx8, fxsr, mmx, sse, sse2, sse3, ssse3, sse4.1, sse4.2, popcnt, avx, aes, clmul, ht, tsc, tscinvbit

Memory: 4k page, physical 8236912k(956024k free), swap 8235072k(12496k free)

vm_info: Java HotSpot(TM) 64-Bit Server VM (25.73-b02) for windows-amd64 JRE (1.8.0_73-b02), built on Jan 29 2016 17:38:49 by "java_re" with MS VC++ 10.0 (VS2010)

time: Tue May 17 15:59:07 2016
elapsed time: 2 seconds (0d 0h 0m 2s)

