#
# There is insufficient memory for the Java Runtime Environment to continue.
# Native memory allocation (malloc) failed to allocate 32744 bytes for ChunkPool::allocate
# Possible reasons:
#   The system is out of physical RAM or swap space
#   In 32 bit mode, the process size limit was hit
# Possible solutions:
#   Reduce memory load on the system
#   Increase physical memory or swap space
#   Check if swap backing store is full
#   Use 64 bit Java on a 64 bit OS
#   Decrease Java heap size (-Xmx/-Xms)
#   Decrease number of Java threads
#   Decrease Java thread stack sizes (-Xss)
#   Set larger code cache with -XX:ReservedCodeCacheSize=
# This output file may be truncated or incomplete.
#
#  Out of Memory Error (allocation.cpp:273), pid=4568, tid=6628
#
# JRE version: Java(TM) SE Runtime Environment (8.0_73-b02) (build 1.8.0_73-b02)
# Java VM: Java HotSpot(TM) 64-Bit Server VM (25.73-b02 mixed mode windows-amd64 compressed oops)
# Failed to write core dump. Minidumps are not enabled by default on client versions of Windows
#

---------------  T H R E A D  ---------------

Current thread (0x0000000054b6c000):  JavaThread "C2 CompilerThread0" daemon [_thread_in_native, id=6628, stack(0x0000000055ca0000,0x0000000055da0000)]

Stack: [0x0000000055ca0000,0x0000000055da0000]
[error occurred during error reporting (printing stack bounds), id 0xc0000005]

Native frames: (J=compiled Java code, j=interpreted, Vv=VM code, C=native code)


Current CompileTask:
C2:   9162 1270   !   4       com.android.dx.cf.cst.ConstantPoolParser::parse0 (731 bytes)


---------------  P R O C E S S  ---------------

Java Threads: ( => current thread )
  0x0000000056013000 JavaThread "pool-2-thread-4" [_thread_in_Java, id=3432, stack(0x0000000056c40000,0x0000000056d40000)]
  0x0000000056011800 JavaThread "pool-2-thread-3" [_thread_blocked, id=5644, stack(0x0000000056ab0000,0x0000000056bb0000)]
  0x000000005600c800 JavaThread "pool-2-thread-2" [_thread_blocked, id=808, stack(0x00000000567c0000,0x00000000568c0000)]
  0x0000000055ef7800 JavaThread "pool-3-thread-1" [_thread_blocked, id=7520, stack(0x00000000568c0000,0x00000000569c0000)]
  0x0000000055ef4800 JavaThread "pool-2-thread-1" [_thread_blocked, id=2656, stack(0x0000000056650000,0x0000000056750000)]
  0x0000000054bbc800 JavaThread "Service Thread" daemon [_thread_blocked, id=3444, stack(0x0000000056280000,0x0000000056380000)]
  0x0000000054b7e000 JavaThread "C1 CompilerThread1" daemon [_thread_in_native, id=4292, stack(0x0000000055b30000,0x0000000055c30000)]
=>0x0000000054b6c000 JavaThread "C2 CompilerThread0" daemon [_thread_in_native, id=6628, stack(0x0000000055ca0000,0x0000000055da0000)]
  0x0000000054b6a800 JavaThread "Attach Listener" daemon [_thread_blocked, id=4432, stack(0x00000000556c0000,0x00000000557c0000)]
  0x0000000054b56800 JavaThread "Signal Dispatcher" daemon [_thread_blocked, id=7908, stack(0x0000000055440000,0x0000000055540000)]
  0x0000000054afb800 JavaThread "Finalizer" daemon [_thread_blocked, id=4452, stack(0x00000000559e0000,0x0000000055ae0000)]
  0x0000000054af2800 JavaThread "Reference Handler" daemon [_thread_blocked, id=3916, stack(0x0000000055800000,0x0000000055900000)]
  0x000000000226e800 JavaThread "main" [_thread_blocked, id=4544, stack(0x00000000024d0000,0x00000000025d0000)]

Other Threads:
  0x0000000054aec800 VMThread [stack: 0x00000000555c0000,0x00000000556c0000] [id=5592]
  0x0000000055de6800 WatcherThread [stack: 0x00000000564f0000,0x00000000565f0000] [id=7664]

VM state:not at safepoint (normal execution)

VM Mutex/Monitor currently owned by a thread: None

Heap:
 PSYoungGen      total 37888K, used 32937K [0x00000000eab00000, 0x00000000ef500000, 0x0000000100000000)
  eden space 32768K, 84% used [0x00000000eab00000,0x00000000ec62e6c0,0x00000000ecb00000)
  from space 5120K, 99% used [0x00000000ecb00000,0x00000000ecffbfc8,0x00000000ed000000)
  to   space 5120K, 0% used [0x00000000ef000000,0x00000000ef000000,0x00000000ef500000)
 ParOldGen       total 86016K, used 2246K [0x00000000c0000000, 0x00000000c5400000, 0x00000000eab00000)
  object space 86016K, 2% used [0x00000000c0000000,0x00000000c0231ba0,0x00000000c5400000)
 Metaspace       used 5837K, capacity 6960K, committed 7040K, reserved 1056768K
  class space    used 583K, capacity 616K, committed 640K, reserved 1048576K

Card table byte_map: [0x0000000011990000,0x0000000011ba0000] byte_map_base: 0x0000000011390000

Marking Bits: (ParMarkBitMap*) 0x000000005e470600
 Begin Bits: [0x0000000011fc0000, 0x0000000012fc0000)
 End Bits:   [0x0000000012fc0000, 0x0000000013fc0000)

Polling page: 0x0000000000210000

CodeCache: size=245760Kb used=5509Kb max_used=5509Kb free=240250Kb
 bounds [0x00000000025d0000, 0x0000000002b40000, 0x00000000115d0000]
 total_blobs=1553 nmethods=1289 adapters=177
 compilation: enabled

Compilation events (10 events):
Event: 9.126 Thread 0x0000000054b7e000 nmethod 1303 0x0000000002b05dd0 code [0x0000000002b05f20, 0x0000000002b060d0]
Event: 9.126 Thread 0x0000000054b7e000 1305       2       com.android.dx.ssa.InterferenceRegisterMapper::addInterfence (62 bytes)
Event: 9.127 Thread 0x0000000054b7e000 nmethod 1305 0x0000000002b32890 code [0x0000000002b32aa0, 0x0000000002b33248]
Event: 9.127 Thread 0x0000000054b7e000 1308       2       com.android.dx.ssa.InterferenceRegisterMapper::interferes (78 bytes)
Event: 9.128 Thread 0x0000000054b7e000 nmethod 1308 0x0000000002b33bd0 code [0x0000000002b33d80, 0x0000000002b34168]
Event: 9.128 Thread 0x0000000054b7e000 1306       2       com.android.dx.ssa.back.InterferenceGraph::mergeInterferenceSet (29 bytes)
Event: 9.128 Thread 0x0000000054b7e000 nmethod 1306 0x0000000002b34510 code [0x0000000002b346a0, 0x0000000002b34988]
Event: 9.128 Thread 0x0000000054b7e000 1307       2       com.android.dx.util.BitIntSet::merge (148 bytes)
Event: 9.129 Thread 0x0000000054b7e000 nmethod 1307 0x0000000002b34c90 code [0x0000000002b34ea0, 0x0000000002b35458]
Event: 9.129 Thread 0x0000000054b7e000 1309 %     3       com.android.dx.ssa.SsaMethod::forEachBlockDepthFirstDom @ 76 (128 bytes)

GC Heap History (2 events):
Event: 3.937 GC heap before
{Heap before GC invocations=1 (full 0):
 PSYoungGen      total 37888K, used 32768K [0x00000000eab00000, 0x00000000ed500000, 0x0000000100000000)
  eden space 32768K, 100% used [0x00000000eab00000,0x00000000ecb00000,0x00000000ecb00000)
  from space 5120K, 0% used [0x00000000ed000000,0x00000000ed000000,0x00000000ed500000)
  to   space 5120K, 0% used [0x00000000ecb00000,0x00000000ecb00000,0x00000000ed000000)
 ParOldGen       total 86016K, used 0K [0x00000000c0000000, 0x00000000c5400000, 0x00000000eab00000)
  object space 86016K, 0% used [0x00000000c0000000,0x00000000c0000000,0x00000000c5400000)
 Metaspace       used 5748K, capacity 6832K, committed 7040K, reserved 1056768K
  class space    used 580K, capacity 616K, committed 640K, reserved 1048576K
Event: 5.242 GC heap after
Heap after GC invocations=1 (full 0):
 PSYoungGen      total 37888K, used 5103K [0x00000000eab00000, 0x00000000ef500000, 0x0000000100000000)
  eden space 32768K, 0% used [0x00000000eab00000,0x00000000eab00000,0x00000000ecb00000)
  from space 5120K, 99% used [0x00000000ecb00000,0x00000000ecffbfc8,0x00000000ed000000)
  to   space 5120K, 0% used [0x00000000ef000000,0x00000000ef000000,0x00000000ef500000)
 ParOldGen       total 86016K, used 2246K [0x00000000c0000000, 0x00000000c5400000, 0x00000000eab00000)
  object space 86016K, 2% used [0x00000000c0000000,0x00000000c0231ba0,0x00000000c5400000)
 Metaspace       used 5748K, capacity 6832K, committed 7040K, reserved 1056768K
  class space    used 580K, capacity 616K, committed 640K, reserved 1048576K
}

Deoptimization events (10 events):
Event: 2.990 Thread 0x0000000056013000 Uncommon trap: reason=unstable_if action=reinterpret pc=0x000000000281b310 method=java.util.HashMap.getNode(ILjava/lang/Object;)Ljava/util/HashMap$Node; @ 62
Event: 3.108 Thread 0x0000000056013000 Uncommon trap: reason=unloaded action=reinterpret pc=0x0000000002962518 method=com.android.dx.ssa.SsaRenamer$BlockRenamer.visitMoveInsn(Lcom/android/dx/ssa/NormalSsaInsn;)V @ 208
Event: 3.110 Thread 0x0000000056013000 Uncommon trap: reason=unstable_if action=reinterpret pc=0x00000000029ee33c method=com.android.dx.ssa.NormalSsaInsn.getLocalAssignment()Lcom/android/dx/rop/code/RegisterSpec; @ 12
Event: 3.110 Thread 0x0000000056013000 Uncommon trap: reason=unstable_if action=reinterpret pc=0x00000000029b9c98 method=com.android.dx.ssa.NormalSsaInsn.getLocalAssignment()Lcom/android/dx/rop/code/RegisterSpec; @ 12
Event: 3.111 Thread 0x0000000056013000 Uncommon trap: reason=unstable_if action=reinterpret pc=0x00000000029b2760 method=com.android.dx.ssa.NormalSsaInsn.getLocalAssignment()Lcom/android/dx/rop/code/RegisterSpec; @ 12
Event: 3.159 Thread 0x0000000056013000 Uncommon trap: reason=unstable_if action=reinterpret pc=0x000000000299e370 method=com.android.dx.rop.code.RegisterSpec.equals(ILcom/android/dx/rop/type/TypeBearer;Lcom/android/dx/rop/code/LocalItem;)Z @ 16
Event: 5.769 Thread 0x000000005600c800 Uncommon trap: reason=unstable_if action=reinterpret pc=0x00000000029d4aac method=com.android.dx.ssa.SsaRenamer$BlockRenamer.addMapping(ILcom/android/dx/rop/code/RegisterSpec;)V @ 120
Event: 7.463 Thread 0x000000005600c800 Uncommon trap: reason=unstable_if action=reinterpret pc=0x0000000002839a68 method=java.util.BitSet.ensureCapacity(I)V @ 6
Event: 8.169 Thread 0x000000000226e800 Uncommon trap: reason=unstable_if action=reinterpret pc=0x000000000277bdfc method=java.lang.String.<init>([CII)V @ 18
Event: 8.181 Thread 0x0000000056011800 Uncommon trap: reason=unstable_if action=reinterpret pc=0x0000000002a2cd90 method=com.android.dx.util.IntList.binarysearch(I)I @ 26

Internal exceptions (2 events):
Event: 0.071 Thread 0x000000000226e800 Exception <a 'java/lang/NoSuchMethodError': Method sun.misc.Unsafe.defineClass(Ljava/lang/String;[BII)Ljava/lang/Class; name or signature does not match> (0x00000000eab13108) thrown at [D:\re\puppet\workspace\8-2-build-windows-amd64-cygwin\jdk8u73\6086\hotSÜkGª0²?
Event: 0.071 Thread 0x000000000226e800 Exception <a 'java/lang/NoSuchMethodError': Method sun.misc.Unsafe.prefetchRead(Ljava/lang/Object;J)V name or signature does not match> (0x00000000eab133f0) thrown at [D:\re\puppet\workspace\8-2-build-windows-amd64-cygwin\jdk8u73\6086\hotspot\src\share\vm\

Events (10 events):
Event: 8.617 Executing VM operation: Deoptimize
Event: 8.619 Executing VM operation: Deoptimize done
Event: 8.665 Thread 0x0000000056013000 DEOPT PACKING pc=0x0000000002ad0a05 sp=0x0000000056d3eb30
Event: 8.665 Thread 0x0000000056013000 DEOPT UNPACKING pc=0x000000000261787f sp=0x0000000056d3e8c8 mode 0
Event: 8.695 Thread 0x0000000056013000 DEOPT PACKING pc=0x00000000029a7ef2 sp=0x0000000056d3e920
Event: 8.695 Thread 0x0000000056013000 DEOPT UNPACKING pc=0x000000000261787f sp=0x0000000056d3e6e8 mode 0
Event: 8.774 Thread 0x0000000056013000 DEOPT PACKING pc=0x0000000002b07e1a sp=0x0000000056d3e990
Event: 8.774 Thread 0x0000000056013000 DEOPT UNPACKING pc=0x000000000261787f sp=0x0000000056d3e738 mode 0
Event: 8.795 Thread 0x0000000056013000 DEOPT PACKING pc=0x00000000029b747c sp=0x0000000056d3e970
Event: 8.795 Thread 0x0000000056013000 DEOPT UNPACKING pc=0x000000000261787f sp=0x0000000056d3e660 mode 0


Dynamic libraries:
0x000000013fa60000 - 0x000000013fa97000 	D:\java\jdk1.8\bin\java.exe
0x0000000077b60000 - 0x0000000077d09000 	C:\Windows\SYSTEM32\ntdll.dll
0x0000000077a40000 - 0x0000000077b5f000 	C:\Windows\system32\kernel32.dll
0x000007fefd930000 - 0x000007fefd99c000 	C:\Windows\system32\KERNELBASE.dll
0x000007fefe300000 - 0x000007fefe3db000 	C:\Windows\system32\ADVAPI32.dll
0x000007fefeb10000 - 0x000007fefebaf000 	C:\Windows\system32\msvcrt.dll
0x000007fefe780000 - 0x000007fefe79f000 	C:\Windows\SYSTEM32\sechost.dll
0x000007fefe650000 - 0x000007fefe77d000 	C:\Windows\system32\RPCRT4.dll
0x0000000077940000 - 0x0000000077a3a000 	C:\Windows\system32\USER32.dll
0x000007fefefa0000 - 0x000007feff007000 	C:\Windows\system32\GDI32.dll
0x000007fefe530000 - 0x000007fefe53e000 	C:\Windows\system32\LPK.dll
0x000007feff010000 - 0x000007feff0d9000 	C:\Windows\system32\USP10.dll
0x000007fefc330000 - 0x000007fefc524000 	C:\Windows\WinSxS\amd64_microsoft.windows.common-controls_6595b64144ccf1df_6.0.7601.18837_none_fa3b1e3d17594757\COMCTL32.dll
0x000007fefdcd0000 - 0x000007fefdd41000 	C:\Windows\system32\SHLWAPI.dll
0x000007fefed90000 - 0x000007fefedbe000 	C:\Windows\system32\IMM32.DLL
0x000007fefe540000 - 0x000007fefe649000 	C:\Windows\system32\MSCTF.dll
0x000007fefd840000 - 0x000007fefd871000 	C:\Windows\system32\nvinitx.dll
0x00000000671d0000 - 0x00000000672a2000 	D:\java\jdk1.8\jre\bin\msvcr100.dll
0x000000005dc60000 - 0x000000005e4f0000 	D:\java\jdk1.8\jre\bin\server\jvm.dll
0x000007fef8990000 - 0x000007fef8999000 	C:\Windows\system32\WSOCK32.dll
0x000007fefed40000 - 0x000007fefed8d000 	C:\Windows\system32\WS2_32.dll
0x000007fefe3e0000 - 0x000007fefe3e8000 	C:\Windows\system32\NSI.dll
0x000007fefb450000 - 0x000007fefb48b000 	C:\Windows\system32\WINMM.dll
0x000007fefc9c0000 - 0x000007fefc9cc000 	C:\Windows\system32\VERSION.dll
0x0000000077d30000 - 0x0000000077d37000 	C:\Windows\system32\PSAPI.DLL
0x0000000074290000 - 0x000000007429f000 	D:\java\jdk1.8\jre\bin\verify.dll
0x0000000072e20000 - 0x0000000072e49000 	D:\java\jdk1.8\jre\bin\java.dll
0x0000000072e00000 - 0x0000000072e16000 	D:\java\jdk1.8\jre\bin\zip.dll
0x000007feff0e0000 - 0x000007feffe69000 	C:\Windows\system32\SHELL32.dll
0x000007fefe0f0000 - 0x000007fefe2f3000 	C:\Windows\system32\ole32.dll
0x000007fefd910000 - 0x000007fefd91f000 	C:\Windows\system32\profapi.dll

VM Arguments:
jvm_args: -Djava.awt.headless=true -Xmx1024M -Dfile.encoding=GBK -Duser.country=CN -Duser.language=zh -Duser.variant 
java_command: com.android.dx.command.Main --dex --force-jumbo --num-threads=4 --multi-dex --output E:\AS_Application_Workspace\smartpiano\app\build\intermediates\transforms\dex\debug\folders\1000\5\slice_0 E:\AS_Application_Workspace\smartpiano\app\build\intermediates\transforms\instantRunSlicer\debug\folders\1\5\slice_0
java_class_path (initial): D:\AndroidPreferences\android-sdk-windows\build-tools\23.0.3\lib\dx.jar
Launcher Type: SUN_STANDARD

Environment Variables:
JAVA_HOME=D:\java\jdk1.7.0_60
CLASSPATH=.;D:\java\jdk1.7.0_60\lib;D:\java\jdk1.7.0_60\lib\dt.jar;D:\java\jdk1.7.0_60\lib\tools.jar
PATH=C:\ProgramData\Oracle\Java\javapath;D:\java\jdk1.7.0_60\bin;D:\java\jdk1.7.0_60\jre\bin;C:\Program Files (x86)\NVIDIA Corporation\PhysX\Common;D:\java\apache----tomcat-7.0.5\bin;D:\oracle\product\10.2.0\db_1\bin;D:\Oracle\product\11.2.0\dbhome_1\bin;C:\Program Files (x86)\Intel\iCLS Client\;C:\Program Files\Intel\iCLS Client\;C:\Windows\system32;C:\Windows;C:\Windows\System32\Wbem;C:\Windows\System32\WindowsPowerShell\v1.0\;C:\Program Files (x86)\Windows7Master;C:\Program Files (x86)\Microsoft SQL Server\80\Tools\Binn\;D:\Microsoft SQL Server\90\Tools\binn\;C:\Program Files (x86)\Microsoft SQL Server\90\Tools\binn\;D:\AndroidPreferences\android- sdk-windows\tools;C:\Program Files (x86)\Common Files\Ulead Systems\MPEG;D:\AndroidPreferences\android-sdk-windows\platform-tools;D:\AndroidPreferences\Git\TortoiseGit\bin;D:\QuickStart;D:\OpenVPN\bin;D:\Git\cmd;E:\ALL stack\Android\apktool;
USERNAME=Administrator
OS=Windows_NT
PROCESSOR_IDENTIFIER=Intel64 Family 6 Model 42 Stepping 7, GenuineIntel



---------------  S Y S T E M  ---------------

OS: Windows 7 , 64 bit Build 7601 (6.1.7601.18933)

CPU:total 2 (2 cores per cpu, 2 threads per core) family 6 model 42 stepping 7, cmov, cx8, fxsr, mmx, sse, sse2, sse3, ssse3, sse4.1, sse4.2, popcnt, avx, aes, clmul, ht, tsc, tscinvbit

Memory: 4k page, physical 8236912k(929496k free), swap 8235072k(7964k free)

vm_info: Java HotSpot(TM) 64-Bit Server VM (25.73-b02) for windows-amd64 JRE (1.8.0_73-b02), built on Jan 29 2016 17:38:49 by "java_re" with MS VC++ 10.0 (VS2010)

time: Sun Jun 05 23:10:27 2016
elapsed time: 9 seconds (0d 0h 0m 9s)

